
/home/runner/work/exp-matrix-inversion-iitb/exp-matrix-inversion-iitb/experiment/simulation/common_libraries/js/ts_components/collapse_step.js
   1:10  warning  'show_step' is defined but never used                 no-unused-vars
   2:5   warning  '$' is not defined                                    no-undef
   3:9   warning  '$' is not defined                                    no-undef
   6:10  warning  'hide_step' is defined but never used                 no-unused-vars
   7:5   warning  '$' is not defined                                    no-undef
   8:9   warning  '$' is not defined                                    no-undef
  11:10  warning  'get_collapse_btn_text' is defined but never used     no-unused-vars
  20:10  warning  'get_collapse_btn_element' is defined but never used  no-unused-vars
  29:10  warning  'hide_all_steps' is defined but never used            no-unused-vars
  31:9   warning  '$' is not defined                                    no-undef

/home/runner/work/exp-matrix-inversion-iitb/exp-matrix-inversion-iitb/experiment/simulation/common_libraries/js/ts_components/matrix.js
   27:26  warning  'MathJax' is not defined                                no-undef
   32:7   warning  'Matrix_Without_String' is defined but never used       no-unused-vars
   52:26  warning  'MathJax' is not defined                                no-undef
   56:10  warning  'get_matrix_html' is defined but never used             no-unused-vars
   87:13  warning  'row_html' is assigned a value but never used           no-unused-vars
   99:10  warning  'get_matrix_html_with_title' is defined but never used  no-unused-vars
  131:13  warning  'row_html' is assigned a value but never used           no-unused-vars
  143:10  warning  'convert_2d_to_1d_vector' is defined but never used     no-unused-vars
  156:10  warning  'convert_1d_to_2d_matrix' is defined but never used     no-unused-vars

/home/runner/work/exp-matrix-inversion-iitb/exp-matrix-inversion-iitb/experiment/simulation/common_libraries/js/ts_components/pannel.js
  8:7  warning  'Pannel' is defined but never used  no-unused-vars

/home/runner/work/exp-matrix-inversion-iitb/exp-matrix-inversion-iitb/experiment/simulation/common_libraries/js/ts_components/questions.js
   6:17  warning  'op1' is assigned a value but never used      no-unused-vars
   7:17  warning  'op2' is assigned a value but never used      no-unused-vars
   8:17  warning  'op3' is assigned a value but never used      no-unused-vars
   9:17  warning  'op4' is assigned a value but never used      no-unused-vars
  94:7   warning  'Question_Options' is defined but never used  no-unused-vars

/home/runner/work/exp-matrix-inversion-iitb/exp-matrix-inversion-iitb/experiment/simulation/common_libraries/js/ts_components/tables.js
   19:22  warning  'verify_values' is not defined                                     no-undef
  137:22  warning  'verify_values' is not defined                                     no-undef
  260:7   warning  'Verify_Rows_Cols_6_decimal_places' is defined but never used      no-unused-vars
  311:22  warning  'verify_values' is not defined                                     no-undef
  416:7   warning  'Verify_Rows_Cols_Custom_Fixed_Update1' is defined but never used  no-unused-vars
  468:7   warning  'Show_Table_Custom_Fixed' is defined but never used                no-unused-vars
  506:7   warning  'Verify_Rows_Cols_Strings' is defined but never used               no-unused-vars
  527:22  warning  'verify_values' is not defined                                     no-undef
  663:7   warning  'Display_Table' is defined but never used                          no-unused-vars

/home/runner/work/exp-matrix-inversion-iitb/exp-matrix-inversion-iitb/experiment/simulation/common_libraries/js/ts_math_library/general_math_functions.js
    1:10  warning  'verify_values' is defined but never used                   no-unused-vars
   17:10  warning  'random1' is defined but never used                         no-unused-vars
   21:10  warning  'std_deviation' is defined but never used                   no-unused-vars
   26:10  warning  'gauss' is defined but never used                           no-unused-vars
   56:10  warning  'hide_panel' is defined but never used                      no-unused-vars
   63:10  warning  'inverse_matrix' is defined but never used                  no-unused-vars
   96:10  warning  'matrix_multiplication' is defined but never used           no-unused-vars
  113:10  warning  'transpose_matrix' is defined but never used                no-unused-vars
  123:10  warning  'matrix_multiplication_8decimal' is defined but never used  no-unused-vars
  140:10  warning  'adjoint_2x2_matrix' is defined but never used              no-unused-vars
  145:10  warning  'find_deteminant' is defined but never used                 no-unused-vars
  174:10  warning  'get_Submatrix' is defined but never used                   no-unused-vars

/home/runner/work/exp-matrix-inversion-iitb/exp-matrix-inversion-iitb/experiment/simulation/common_libraries/js/ts_math_library/regression.js
   1:10  warning  'regression_linear' is defined but never used            no-unused-vars
  18:10  warning  'regression_linear_1variable' is defined but never used  no-unused-vars
  27:10  warning  'regression_linear_2variable' is defined but never used  no-unused-vars
  52:11  warning  'gauss' is not defined                                   no-undef

/home/runner/work/exp-matrix-inversion-iitb/exp-matrix-inversion-iitb/experiment/simulation/common_libraries/math.ob.js
  1:745  warning  'b' is already defined  no-redeclare

/home/runner/work/exp-matrix-inversion-iitb/exp-matrix-inversion-iitb/experiment/simulation/js/activity1.js
   21:9    warning  'MathJax' is not defined                       no-undef
   27:23   warning  'get_matrix_html' is not defined               no-undef
   44:23   warning  'get_matrix_html' is not defined               no-undef
   50:10   warning  'start_act1' is defined but never used         no-unused-vars
   55:20   warning  'get_collapse_btn_text' is not defined         no-undef
   60:44   warning  'get_matrix_html_with_title' is not defined    no-undef
   60:77   warning  'mat_a' is not defined                         no-undef
   60:182  warning  'get_matrix_html_with_title' is not defined    no-undef
   60:215  warning  'mat_c' is not defined                         no-undef
   73:5    warning  'hide_all_steps' is not defined                no-undef
   75:22   warning  'MathJax' is not defined                       no-undef
   76:22   warning  'show_step' is not defined                     no-undef
   78:10   warning  'verify_matrix_a_c' is defined but never used  no-unused-vars
   82:32   warning  'mat_a' is not defined                         no-undef
   83:32   warning  'mat_c' is not defined                         no-undef
   88:18   warning  'verify_values' is not defined                 no-undef
   88:57   warning  'mat_a' is not defined                         no-undef
   97:14   warning  'verify_values' is not defined                 no-undef
   97:53   warning  'mat_c' is not defined                         no-undef
  105:5    warning  'activity2' is not defined                     no-undef
  109:12   warning  'mat_c' is not defined                         no-undef
  110:12   warning  'mat_c' is not defined                         no-undef
  111:12   warning  'mat_c' is not defined                         no-undef
  112:5    warning  'pivoting' is not defined                      no-undef
  112:14   warning  'mat_a' is not defined                         no-undef
  113:5    warning  'mat_c' is not defined                         no-undef
  114:5    warning  'mat_c' is not defined                         no-undef
  118:24   warning  'get_matrix_html' is not defined               no-undef
  118:46   warning  'mat_a' is not defined                         no-undef
  118:146  warning  'get_matrix_html' is not defined               no-undef
  118:168  warning  'mat_c' is not defined                         no-undef

/home/runner/work/exp-matrix-inversion-iitb/exp-matrix-inversion-iitb/experiment/simulation/js/activity2.js
    1:10   warning  'activity2' is defined but never used         no-unused-vars
   16:5    warning  'maindiv' is not defined                      no-undef
   18:9    warning  'MathJax' is not defined                      no-undef
   21:10   warning  'start_act2' is defined but never used        no-unused-vars
   26:28   warning  'get_matrix_html_with_title' is not defined   no-undef
   43:20   warning  'get_collapse_btn_text' is not defined        no-undef
   48:44   warning  'get_matrix_html_with_title' is not defined   no-undef
   48:77   warning  'mat_a' is not defined                        no-undef
   48:182  warning  'get_matrix_html_with_title' is not defined   no-undef
   48:215  warning  'mat_c' is not defined                        no-undef
   53:60   warning  'get_matrix_html_with_title' is not defined   no-undef
   53:93   warning  'mat_a' is not defined                        no-undef
   53:133  warning  'get_matrix_html_with_title' is not defined   no-undef
   57:57   warning  'get_matrix_html_with_title' is not defined   no-undef
   68:5    warning  'maindiv' is not defined                      no-undef
   69:5    warning  'hide_all_steps' is not defined               no-undef
   71:22   warning  'MathJax' is not defined                      no-undef
   72:22   warning  'show_step' is not defined                    no-undef
   76:12   warning  'mat_c' is not defined                        no-undef
   77:12   warning  'mat_c' is not defined                        no-undef
   78:12   warning  'mat_c' is not defined                        no-undef
   79:17   warning  'mat_a' is not defined                        no-undef
   80:5    warning  'mat_a_i' is not defined                      no-undef
   80:15   warning  'inverse' is not defined                      no-undef
   80:23   warning  'mat_a' is not defined                        no-undef
   81:25   warning  'mat_a_i' is not defined                      no-undef
   82:29   warning  'mat_a_i' is not defined                      no-undef
   83:13   warning  'mat_a_i' is not defined                      no-undef
   83:40   warning  'mat_a_i' is not defined                      no-undef
   86:5    warning  'mat_c' is not defined                        no-undef
   87:5    warning  'mat_c' is not defined                        no-undef
   89:10   warning  'verify_matrix_ut' is defined but never used  no-unused-vars
   92:9    warning  'inp_c' is defined but never used             no-unused-vars
   93:40   warning  'mat_a_i' is not defined                      no-undef
   98:18   warning  'verify_values' is not defined                no-undef
   98:57   warning  'mat_a_i' is not defined                      no-undef
  107:5    warning  'activity3' is not defined                    no-undef
  111:55   warning  'get_matrix_html' is not defined              no-undef
  111:77   warning  'mat_a_i' is not defined                      no-undef

/home/runner/work/exp-matrix-inversion-iitb/exp-matrix-inversion-iitb/experiment/simulation/js/activity3.js
   1:10   warning  'activity3' is defined but never used         no-unused-vars
  16:5    warning  'maindiv' is not defined                      no-undef
  18:9    warning  'MathJax' is not defined                      no-undef
  21:10   warning  'start_act3' is defined but never used        no-unused-vars
  26:27   warning  'get_matrix_html' is not defined              no-undef
  31:20   warning  'get_collapse_btn_text' is not defined        no-undef
  38:48   warning  'get_matrix_html_with_title' is not defined   no-undef
  38:81   warning  'mat_a_i' is not defined                      no-undef
  38:151  warning  'get_matrix_html_with_title' is not defined   no-undef
  38:184  warning  'mat_c' is not defined                        no-undef
  48:5    warning  'maindiv' is not defined                      no-undef
  49:5    warning  'hide_all_steps' is not defined               no-undef
  51:22   warning  'MathJax' is not defined                      no-undef
  52:22   warning  'show_step' is not defined                    no-undef
  56:12   warning  'mat_c' is not defined                        no-undef
  57:12   warning  'mat_c' is not defined                        no-undef
  58:12   warning  'mat_c' is not defined                        no-undef
  59:5    warning  'mat_x' is not defined                        no-undef
  59:13   warning  'multiply' is not defined                     no-undef
  59:22   warning  'mat_a_i' is not defined                      no-undef
  60:5    warning  'mat_c' is not defined                        no-undef
  61:5    warning  'mat_c' is not defined                        no-undef
  63:10   warning  'verify_matrix_bs' is defined but never used  no-unused-vars
  66:32   warning  'mat_x' is not defined                        no-undef
  70:14   warning  'verify_values' is not defined                no-undef
  70:53   warning  'mat_x' is not defined                        no-undef
  78:5    warning  'maindiv' is not defined                      no-undef

/home/runner/work/exp-matrix-inversion-iitb/exp-matrix-inversion-iitb/experiment/simulation/js/data.js
  30:5   warning  'mat_a_i' is assigned a value but never used   no-unused-vars
  57:5   warning  'mat_x' is assigned a value but never used     no-unused-vars
  59:10  warning  'verify_values_abs' is defined but never used  no-unused-vars

/home/runner/work/exp-matrix-inversion-iitb/exp-matrix-inversion-iitb/experiment/simulation/js/gauss_ele.js
  42:10  warning  'gauss_ele' is defined but never used  no-unused-vars

/home/runner/work/exp-matrix-inversion-iitb/exp-matrix-inversion-iitb/experiment/simulation/js/inverse.js
   1:10  warning  'inverse' is defined but never used   no-unused-vars
  25:10  warning  'multiply' is defined but never used  no-unused-vars

/home/runner/work/exp-matrix-inversion-iitb/exp-matrix-inversion-iitb/experiment/simulation/js/screen_size.js
  1:10  warning  'set_screen_size' is defined but never used  no-unused-vars

✖ 155 problems (0 errors, 155 warnings)

